GROUP,PACKAGE,CLASS,INSTRUCTION_MISSED,INSTRUCTION_COVERED,BRANCH_MISSED,BRANCH_COVERED,LINE_MISSED,LINE_COVERED,COMPLEXITY_MISSED,COMPLEXITY_COVERED,METHOD_MISSED,METHOD_COVERED
loxj001-01-mx,com.prueba.lox.batch,Complete,0,12,0,0,0,3,0,2,0,2
loxj001-01-mx,com.prueba.lox.batch,Reader,0,56,0,2,0,13,0,3,0,2
loxj001-01-mx,com.prueba.lox.batch,Process,0,35,0,0,0,6,0,2,0,2
loxj001-01-mx,com.prueba.lox.batch,Failed,0,12,0,0,0,4,0,2,0,2
loxj001-01-mx,com.prueba.lox.batch.Utility,Utility,0,138,0,10,0,29,0,15,0,10
