<?xml version="1.0" encoding="UTF-8"?>
<testsuite xmlns:xsi="http://www.w3.org/2001/XMLSchema-instance" xsi:noNamespaceSchemaLocation="https://maven.apache.org/surefire/maven-surefire-plugin/xsd/surefire-test-report-3.0.xsd" version="3.0" name="com.prueba.lox.lib.r174.impl.LOXR174ImplTest" time="1.431" tests="9" errors="0" skipped="0" failures="0">
  <properties>
[...]
</properties>
  <testcase name="executeCreateCreditContract_whenItemIsNull_shouldReturnEarly" classname="com.prueba.lox.lib.r174.impl.LOXR174ImplTest" time="1.052"/>
  <testcase name="consultarDetalleSaldo_whenExceptionOccurs_shouldReturnEmptyMap" classname="com.prueba.lox.lib.r174.impl.LOXR174ImplTest" time="0.281"/>
  <testcase name="testSettersInAbstractClass" classname="com.prueba.lox.lib.r174.impl.LOXR174ImplTest" time="0.001"/>
  <testcase name="executeCreateCreditContract_whenStatusIsNotProcess_shouldDoNothing" classname="com.prueba.lox.lib.r174.impl.LOXR174ImplTest" time="0.0"/>
  <testcase name="executeCreateCreditContract_whenValidEvent_shouldCallConsultarDetalleSaldo" classname="com.prueba.lox.lib.r174.impl.LOXR174ImplTest" time="0.021"/>
  <testcase name="extractSaldo_whenKeyDoesNotExist_shouldReturnZero" classname="com.prueba.lox.lib.r174.impl.LOXR174ImplTest" time="0.0"/>
  <testcase name="consultarDetalleSaldo_whenJdbcReturnsData_shouldReturnPopulatedMap" classname="com.prueba.lox.lib.r174.impl.LOXR174ImplTest" time="0.002"/>
  <testcase name="extractSaldo_whenMapIsNull_shouldReturnZero" classname="com.prueba.lox.lib.r174.impl.LOXR174ImplTest" time="0.0"/>
  <testcase name="extractSaldo_whenValueIsNumber_shouldReturnValue" classname="com.prueba.lox.lib.r174.impl.LOXR174ImplTest" time="0.0"/>
</testsuite>